<?xml version="1.0" encoding="UTF-8"?>
<!-- Generated by org.testng.reporters.JUnitReportReporter -->
<testsuite skipped="0" hostname="MAHESHS" name="RunManager.HybridExecuteTest" tests="1" failures="0" timestamp="07 Mar 2018 14:05:03 GMT" time="220.339" errors="0">
  <testcase name="runManager" time="220.339" classname="RunManager.HybridExecuteTest"/>
</testsuite> <!-- RunManager.HybridExecuteTest -->
