<?xml version="1.0" encoding="UTF-8"?>
<!-- Generated by org.testng.reporters.JUnitReportReporter -->
<testsuite skipped="0" hostname="MAHESHS" name="RunManager.HybridExecuteTest" tests="1" failures="0" timestamp="15 Mar 2018 13:02:08 GMT" time="65.851" errors="0">
  <testcase name="runManager" time="65.851" classname="RunManager.HybridExecuteTest"/>
</testsuite> <!-- RunManager.HybridExecuteTest -->
